#
# There is insufficient memory for the Java Runtime Environment to continue.
# Native memory allocation (malloc) failed to allocate 1017456 bytes for Chunk::new
# Possible reasons:
#   The system is out of physical RAM or swap space
#   In 32 bit mode, the process size limit was hit
# Possible solutions:
#   Reduce memory load on the system
#   Increase physical memory or swap space
#   Check if swap backing store is full
#   Use 64 bit Java on a 64 bit OS
#   Decrease Java heap size (-Xmx/-Xms)
#   Decrease number of Java threads
#   Decrease Java thread stack sizes (-Xss)
#   Set larger code cache with -XX:ReservedCodeCacheSize=
# This output file may be truncated or incomplete.
#
#  Out of Memory Error (allocation.cpp:323), pid=8872, tid=7724
#
# JRE version: Java(TM) SE Runtime Environment (7.0_45-b18) (build 1.7.0_45-b18)
# Java VM: Java HotSpot(TM) 64-Bit Server VM (24.45-b08 mixed mode windows-amd64 compressed oops)
# Failed to write core dump. Minidumps are not enabled by default on client versions of Windows
#

---------------  T H R E A D  ---------------

Current thread (0x0000000008ae5000):  JavaThread "C2 CompilerThread1" daemon [_thread_in_native, id=7724, stack(0x000000000a160000,0x000000000a260000)]

Stack: [0x000000000a160000,0x000000000a260000]

Current CompileTask:
C2:   2495  236             com.android.dx.ssa.SCCP::simulateBlock (54 bytes)


---------------  P R O C E S S  ---------------

Java Threads: ( => current thread )
  0x000000000a61d000 JavaThread "pool-1-thread-4" [_thread_in_vm, id=7236, stack(0x000000000ac60000,0x000000000ad60000)]
  0x000000000a61c800 JavaThread "pool-1-thread-3" [_thread_blocked, id=4696, stack(0x000000000ab60000,0x000000000ac60000)]
  0x000000000a4fe000 JavaThread "pool-1-thread-2" [_thread_blocked, id=4196, stack(0x000000000aa60000,0x000000000ab60000)]
  0x000000000a620000 JavaThread "pool-2-thread-1" [_thread_blocked, id=6948, stack(0x000000000a960000,0x000000000aa60000)]
  0x0000000008b5b800 JavaThread "pool-1-thread-1" [_thread_in_Java, id=8300, stack(0x000000000a860000,0x000000000a960000)]
  0x0000000008aee000 JavaThread "Service Thread" daemon [_thread_blocked, id=7824, stack(0x000000000a260000,0x000000000a360000)]
=>0x0000000008ae5000 JavaThread "C2 CompilerThread1" daemon [_thread_in_native, id=7724, stack(0x000000000a160000,0x000000000a260000)]
  0x0000000008ae3000 JavaThread "C2 CompilerThread0" daemon [_thread_in_native, id=8616, stack(0x000000000a060000,0x000000000a160000)]
  0x0000000008ae2000 JavaThread "Attach Listener" daemon [_thread_blocked, id=2428, stack(0x0000000009f60000,0x000000000a060000)]
  0x0000000008adf000 JavaThread "Signal Dispatcher" daemon [_thread_blocked, id=6152, stack(0x0000000009e60000,0x0000000009f60000)]
  0x0000000008aad800 JavaThread "Finalizer" daemon [_thread_blocked, id=5220, stack(0x0000000009d60000,0x0000000009e60000)]
  0x0000000008aa2800 JavaThread "Reference Handler" daemon [_thread_blocked, id=5196, stack(0x0000000009c60000,0x0000000009d60000)]
  0x0000000002c10800 JavaThread "main" [_thread_blocked, id=7252, stack(0x0000000002b10000,0x0000000002c10000)]

Other Threads:
  0x0000000008aa0800 VMThread [stack: 0x0000000009b60000,0x0000000009c60000] [id=5000]
  0x0000000008b06000 WatcherThread [stack: 0x000000000a360000,0x000000000a460000] [id=9108]

VM state:not at safepoint (normal execution)

VM Mutex/Monitor currently owned by a thread: None

Heap
 PSYoungGen      total 28672K, used 6688K [0x00000000eaa80000, 0x00000000eca80000, 0x0000000100000000)
  eden space 24576K, 10% used [0x00000000eaa80000,0x00000000ead0e5c0,0x00000000ec280000)
  from space 4096K, 99% used [0x00000000ec680000,0x00000000eca79c78,0x00000000eca80000)
  to   space 4096K, 0% used [0x00000000ec280000,0x00000000ec280000,0x00000000ec680000)
 ParOldGen       total 64512K, used 2630K [0x00000000c0000000, 0x00000000c3f00000, 0x00000000eaa80000)
  object space 64512K, 4% used [0x00000000c0000000,0x00000000c0291858,0x00000000c3f00000)
 PSPermGen       total 21504K, used 5822K [0x00000000bae00000, 0x00000000bc300000, 0x00000000c0000000)
  object space 21504K, 27% used [0x00000000bae00000,0x00000000bb3afa40,0x00000000bc300000)

Card table byte_map: [0x0000000005d10000,0x0000000005f40000] byte_map_base: 0x0000000005739000

Polling page: 0x0000000001290000

Code Cache  [0x0000000002d10000, 0x0000000002f80000, 0x0000000005d10000)
 total_blobs=472 nmethods=235 adapters=189 free_code_cache=48267Kb largest_free_block=49397888

Compilation events (10 events):
Event: 2.390 Thread 0x0000000008ae5000 nmethod 231 0x0000000002deb090 code [0x0000000002deb1c0, 0x0000000002deb218]
Event: 2.390 Thread 0x0000000008ae5000  232             com.android.dx.rop.code.LocalItem::compareHandlesNulls (25 bytes)
Event: 2.392 Thread 0x0000000008ae5000 nmethod 232 0x0000000002de7c50 code [0x0000000002de7d80, 0x0000000002de7f38]
Event: 2.392 Thread 0x0000000008ae5000  233             java.lang.Float::isNaN (12 bytes)
Event: 2.392 Thread 0x0000000008ae5000 nmethod 233 0x0000000002deadd0 code [0x0000000002deaf00, 0x0000000002deaf58]
Event: 2.392 Thread 0x0000000008ae5000  234             java.util.HashMap::<init> (119 bytes)
Event: 2.393 Thread 0x0000000008ae5000 nmethod 234 0x0000000002de7950 code [0x0000000002de7aa0, 0x0000000002de7b98]
Event: 2.393 Thread 0x0000000008ae5000  235             java.util.HashMap::init (1 bytes)
Event: 2.393 Thread 0x0000000008ae5000 nmethod 235 0x0000000002de7750 code [0x0000000002de7880, 0x0000000002de78d8]
Event: 2.393 Thread 0x0000000008ae5000  236             com.android.dx.ssa.SCCP::simulateBlock (54 bytes)

GC Heap History (4 events):
Event: 1.764 GC heap before
{Heap before GC invocations=1 (full 0):
 PSYoungGen      total 28672K, used 24576K [0x00000000eaa80000, 0x00000000eca80000, 0x0000000100000000)
  eden space 24576K, 100% used [0x00000000eaa80000,0x00000000ec280000,0x00000000ec280000)
  from space 4096K, 0% used [0x00000000ec680000,0x00000000ec680000,0x00000000eca80000)
  to   space 4096K, 0% used [0x00000000ec280000,0x00000000ec280000,0x00000000ec680000)
 ParOldGen       total 64512K, used 0K [0x00000000c0000000, 0x00000000c3f00000, 0x00000000eaa80000)
  object space 64512K, 0% used [0x00000000c0000000,0x00000000c0000000,0x00000000c3f00000)
 PSPermGen       total 21504K, used 5613K [0x00000000bae00000, 0x00000000bc300000, 0x00000000c0000000)
  object space 21504K, 26% used [0x00000000bae00000,0x00000000bb37b6b0,0x00000000bc300000)
Event: 1.772 GC heap after
Heap after GC invocations=1 (full 0):
 PSYoungGen      total 28672K, used 4084K [0x00000000eaa80000, 0x00000000eca80000, 0x0000000100000000)
  eden space 24576K, 0% used [0x00000000eaa80000,0x00000000eaa80000,0x00000000ec280000)
  from space 4096K, 99% used [0x00000000ec280000,0x00000000ec67d088,0x00000000ec680000)
  to   space 4096K, 0% used [0x00000000ec680000,0x00000000ec680000,0x00000000eca80000)
 ParOldGen       total 64512K, used 378K [0x00000000c0000000, 0x00000000c3f00000, 0x00000000eaa80000)
  object space 64512K, 0% used [0x00000000c0000000,0x00000000c005eb48,0x00000000c3f00000)
 PSPermGen       total 21504K, used 5613K [0x00000000bae00000, 0x00000000bc300000, 0x00000000c0000000)
  object space 21504K, 26% used [0x00000000bae00000,0x00000000bb37b6b0,0x00000000bc300000)
}
Event: 2.436 GC heap before
{Heap before GC invocations=2 (full 0):
 PSYoungGen      total 28672K, used 28660K [0x00000000eaa80000, 0x00000000eca80000, 0x0000000100000000)
  eden space 24576K, 100% used [0x00000000eaa80000,0x00000000ec280000,0x00000000ec280000)
  from space 4096K, 99% used [0x00000000ec280000,0x00000000ec67d088,0x00000000ec680000)
  to   space 4096K, 0% used [0x00000000ec680000,0x00000000ec680000,0x00000000eca80000)
 ParOldGen       total 64512K, used 378K [0x00000000c0000000, 0x00000000c3f00000, 0x00000000eaa80000)
  object space 64512K, 0% used [0x00000000c0000000,0x00000000c005eb48,0x00000000c3f00000)
 PSPermGen       total 21504K, used 5819K [0x00000000bae00000, 0x00000000bc300000, 0x00000000c0000000)
  object space 21504K, 27% used [0x00000000bae00000,0x00000000bb3aee90,0x00000000bc300000)
Event: 2.455 GC heap after
Heap after GC invocations=2 (full 0):
 PSYoungGen      total 28672K, used 4071K [0x00000000eaa80000, 0x00000000eca80000, 0x0000000100000000)
  eden space 24576K, 0% used [0x00000000eaa80000,0x00000000eaa80000,0x00000000ec280000)
  from space 4096K, 99% used [0x00000000ec680000,0x00000000eca79c78,0x00000000eca80000)
  to   space 4096K, 0% used [0x00000000ec280000,0x00000000ec280000,0x00000000ec680000)
 ParOldGen       total 64512K, used 2630K [0x00000000c0000000, 0x00000000c3f00000, 0x00000000eaa80000)
  object space 64512K, 4% used [0x00000000c0000000,0x00000000c0291858,0x00000000c3f00000)
 PSPermGen       total 21504K, used 5819K [0x00000000bae00000, 0x00000000bc300000, 0x00000000c0000000)
  object space 21504K, 27% used [0x00000000bae00000,0x00000000bb3aee90,0x00000000bc300000)
}

Deoptimization events (4 events):
Event: 1.569 Thread 0x000000000a4fe000 Uncommon trap: reason=null_check action=make_not_entrant pc=0x0000000002d955a8 method=com.android.dx.rop.code.LocalItem.equals(Ljava/lang/Object;)Z @ 1
Event: 1.659 Thread 0x000000000a61c800 Uncommon trap: reason=unreached action=reinterpret pc=0x0000000002d94804 method=com.android.dx.rop.cst.Constant.compareTo(Lcom/android/dx/rop/cst/Constant;)I @ 12
Event: 2.055 Thread 0x0000000008b5b800 Uncommon trap: reason=null_check action=make_not_entrant pc=0x0000000002db3754 method=com.android.dx.rop.type.Type.equals(Ljava/lang/Object;)Z @ 8
Event: 2.087 Thread 0x000000000a61c800 Uncommon trap: reason=null_check action=make_not_entrant pc=0x0000000002dd2578 method=com.android.dx.ssa.SsaRenamer.getLocalForNewReg(I)Lcom/android/dx/rop/code/LocalItem; @ 19

Internal exceptions (10 events):
Event: 2.087 Thread 0x000000000a61c800 Implicit null exception at 0x0000000002dd11f8 to 0x0000000002dd254d
Event: 2.220 Thread 0x0000000002c10800 Threw 0x00000000ebbc7828 at C:\re\jdk7u45\229\hotspot\src\share\vm\prims\jvm.cpp:1244
Event: 2.221 Thread 0x0000000002c10800 Threw 0x00000000ebbd17d8 at C:\re\jdk7u45\229\hotspot\src\share\vm\prims\jvm.cpp:1244
Event: 2.222 Thread 0x0000000002c10800 Threw 0x00000000ebbd3e18 at C:\re\jdk7u45\229\hotspot\src\share\vm\prims\jvm.cpp:1244
Event: 2.224 Thread 0x0000000002c10800 Threw 0x00000000ebbe4018 at C:\re\jdk7u45\229\hotspot\src\share\vm\prims\jvm.cpp:1244
Event: 2.237 Thread 0x000000000a61d000 Threw 0x00000000ebd8f838 at C:\re\jdk7u45\229\hotspot\src\share\vm\prims\jvm.cpp:1244
Event: 2.238 Thread 0x000000000a61d000 Threw 0x00000000ebd950a0 at C:\re\jdk7u45\229\hotspot\src\share\vm\prims\jvm.cpp:1244
Event: 2.239 Thread 0x000000000a61d000 Threw 0x00000000ebd9a680 at C:\re\jdk7u45\229\hotspot\src\share\vm\prims\jvm.cpp:1244
Event: 2.379 Thread 0x0000000002c10800 Threw 0x00000000ec0e6f68 at C:\re\jdk7u45\229\hotspot\src\share\vm\prims\jvm.cpp:1244
Event: 2.380 Thread 0x0000000002c10800 Threw 0x00000000ec0e9398 at C:\re\jdk7u45\229\hotspot\src\share\vm\prims\jvm.cpp:1244

Events (10 events):
Event: 2.238 loading class 0x000000000a772b00
Event: 2.238 loading class 0x000000000a772b00 done
Event: 2.239 loading class 0x000000000a772540
Event: 2.239 loading class 0x000000000a772540 done
Event: 2.379 loading class 0x0000000008b2e5d0
Event: 2.379 loading class 0x0000000008b2e5d0 done
Event: 2.380 loading class 0x000000000a773300
Event: 2.380 loading class 0x000000000a773300 done
Event: 2.436 Executing VM operation: ParallelGCFailedAllocation
Event: 2.455 Executing VM operation: ParallelGCFailedAllocation done


Dynamic libraries:
0x00007ff6dec00000 - 0x00007ff6dec33000 	C:\Program Files\Java\jdk1.7.0_45\bin\java.exe
0x00007ffb401f0000 - 0x00007ffb403b2000 	C:\Windows\SYSTEM32\ntdll.dll
0x00007ffb3ff30000 - 0x00007ffb3ffdd000 	C:\Windows\system32\KERNEL32.DLL
0x00007ffb3ce90000 - 0x00007ffb3d06d000 	C:\Windows\system32\KERNELBASE.dll
0x00007ffb3ffe0000 - 0x00007ffb40086000 	C:\Windows\system32\ADVAPI32.dll
0x00007ffb3e050000 - 0x00007ffb3e0ed000 	C:\Windows\system32\msvcrt.dll
0x00007ffb3e150000 - 0x00007ffb3e1ab000 	C:\Windows\system32\sechost.dll
0x00007ffb3f800000 - 0x00007ffb3f926000 	C:\Windows\system32\RPCRT4.dll
0x00007ffb3dc10000 - 0x00007ffb3dd5e000 	C:\Windows\system32\USER32.dll
0x00007ffb3d8c0000 - 0x00007ffb3da46000 	C:\Windows\system32\GDI32.dll
0x00007ffb2f980000 - 0x00007ffb2fbf4000 	C:\Windows\WinSxS\amd64_microsoft.windows.common-controls_6595b64144ccf1df_6.0.10240.16384_none_f41f7b285750ef43\COMCTL32.dll
0x00007ffb3dd60000 - 0x00007ffb3dd96000 	C:\Windows\system32\IMM32.DLL
0x00007ffb3fdc0000 - 0x00007ffb3ff1c000 	C:\Windows\system32\MSCTF.dll
0x0000000055190000 - 0x0000000055262000 	C:\Program Files\Java\jdk1.7.0_45\jre\bin\msvcr100.dll
0x0000000055620000 - 0x0000000055de9000 	C:\Program Files\Java\jdk1.7.0_45\jre\bin\server\jvm.dll
0x00007ffb3ff20000 - 0x00007ffb3ff28000 	C:\Windows\system32\PSAPI.DLL
0x00007ffb32070000 - 0x00007ffb32079000 	C:\Windows\SYSTEM32\WSOCK32.dll
0x00007ffb3e1b0000 - 0x00007ffb3e219000 	C:\Windows\system32\WS2_32.dll
0x00007ffb40090000 - 0x00007ffb40098000 	C:\Windows\system32\NSI.dll
0x00007ffb3ace0000 - 0x00007ffb3ad03000 	C:\Windows\SYSTEM32\WINMM.dll
0x00007ffb3acb0000 - 0x00007ffb3acdc000 	C:\Windows\SYSTEM32\WINMMBASE.dll
0x00007ffb3d070000 - 0x00007ffb3d0b4000 	C:\Windows\system32\cfgmgr32.dll
0x00007ffb3b590000 - 0x00007ffb3b5b7000 	C:\Windows\SYSTEM32\DEVOBJ.dll
0x0000000055610000 - 0x000000005561f000 	C:\Program Files\Java\jdk1.7.0_45\jre\bin\verify.dll
0x00000000555e0000 - 0x0000000055608000 	C:\Program Files\Java\jdk1.7.0_45\jre\bin\java.dll
0x00000000555c0000 - 0x00000000555d5000 	C:\Program Files\Java\jdk1.7.0_45\jre\bin\zip.dll
0x00000000555a0000 - 0x00000000555b9000 	C:\Program Files\Java\jdk1.7.0_45\jre\bin\net.dll
0x00007ffb3c490000 - 0x00007ffb3c4ed000 	C:\Windows\system32\mswsock.dll
0x0000000055580000 - 0x0000000055591000 	C:\Program Files\Java\jdk1.7.0_45\jre\bin\nio.dll

VM Arguments:
jvm_args: -Djava.awt.headless=true -Xmx1024M -Dfile.encoding=windows-1252 -Duser.country=US -Duser.language=en -Duser.variant 
java_command: com.android.dx.command.Main --dex --num-threads=4 --output D:\FinalProject3333333\FinalProject\app\build\intermediates\pre-dexed\debug\internal_impl-23.2.1_6f657cabbaa4dce394fcda61778f34b78a470799.jar D:\FinalProject3333333\FinalProject\app\build\intermediates\exploded-aar\com.android.support\support-v4\23.2.1\jars\libs\internal_impl-23.2.1.jar
Launcher Type: SUN_STANDARD

Environment Variables:
PATH=C:\DevSuiteHome_2\jdk\jre\bin\classic;C:\DevSuiteHome_2\jdk\jre\bin;C:\DevSuiteHome_2\jdk\jre\bin\client;C:\DevSuiteHome_2\jlib;C:\DevSuiteHome_2\bin;C:\DevSuiteHome_2\jre\1.4.2\bin\client;C:\DevSuiteHome_2\jre\1.4.2\bin;C:\DevSuiteHome1\jlib;C:\DevSuiteHome1\bin;C:\DevSuiteHome1\jre\1.4.2\bin\client;C:\DevSuiteHome1\jre\1.4.2\bin;E:\DevSuiteHome_1\jdk\jre\bin\classic;E:\DevSuiteHome_1\jdk\jre\bin;E:\DevSuiteHome_1\jdk\jre\bin\client;E:\DevSuiteHome_1\jlib;E:\DevSuiteHome_1\bin;E:\DevSuiteHome_1\jre\1.4.2\bin\client;E:\DevSuiteHome_1\jre\1.4.2\bin;C:\oraclexe\app\oracle\product\10.2.0\server\bin;C:\Windows\system32;C:\Windows;C:\Windows\System32\Wbem;C:\Windows\System32\WindowsPowerShell\v1.0\;C:\Program Files (x86)\ATI Technologies\ATI.ACE\Core-Static;C:\Program Files (x86)\Windows Kits\8.1\Windows Performance Toolkit\;C:\Program Files\Microsoft SQL Server\110\Tools\Binn\
USERNAME=Nabil
OS=Windows_NT
PROCESSOR_IDENTIFIER=Intel64 Family 6 Model 69 Stepping 1, GenuineIntel



---------------  S Y S T E M  ---------------

OS: Windows 8 , 64 bit Build 9200 

CPU:total 4 (2 cores per cpu, 2 threads per core) family 6 model 69 stepping 1, cmov, cx8, fxsr, mmx, sse, sse2, sse3, ssse3, sse4.1, sse4.2, popcnt, avx, avx2, aes, erms, ht, tsc, tscinvbit

Memory: 4k page, physical 6209900k(654984k free), swap 8282476k(5540k free)

vm_info: Java HotSpot(TM) 64-Bit Server VM (24.45-b08) for windows-amd64 JRE (1.7.0_45-b18), built on Oct  8 2013 05:47:22 by "java_re" with unknown MS VC++:1600

time: Mon Apr 11 21:04:17 2016
elapsed time: 2 seconds

