#
# There is insufficient memory for the Java Runtime Environment to continue.
# Native memory allocation (malloc) failed to allocate 32744 bytes for ChunkPool::allocate
# Possible reasons:
#   The system is out of physical RAM or swap space
#   In 32 bit mode, the process size limit was hit
# Possible solutions:
#   Reduce memory load on the system
#   Increase physical memory or swap space
#   Check if swap backing store is full
#   Use 64 bit Java on a 64 bit OS
#   Decrease Java heap size (-Xmx/-Xms)
#   Decrease number of Java threads
#   Decrease Java thread stack sizes (-Xss)
#   Set larger code cache with -XX:ReservedCodeCacheSize=
# This output file may be truncated or incomplete.
#
#  Out of Memory Error (allocation.cpp:211), pid=5732, tid=2492
#
# JRE version: Java(TM) SE Runtime Environment (7.0_45-b18) (build 1.7.0_45-b18)
# Java VM: Java HotSpot(TM) 64-Bit Server VM (24.45-b08 mixed mode windows-amd64 compressed oops)
# Failed to write core dump. Minidumps are not enabled by default on client versions of Windows
#

---------------  T H R E A D  ---------------

Current thread (0x00000000080e2000):  JavaThread "C2 CompilerThread1" daemon [_thread_in_native, id=2492, stack(0x0000000009750000,0x0000000009850000)]

Stack: [0x0000000009750000,0x0000000009850000]

Current CompileTask:
C2:   6126  435             com.android.dx.rop.code.Rops::ropFor (771 bytes)


---------------  P R O C E S S  ---------------

Java Threads: ( => current thread )
  0x00000000080e5000 JavaThread "Service Thread" daemon [_thread_blocked, id=4420, stack(0x0000000009850000,0x0000000009950000)]
=>0x00000000080e2000 JavaThread "C2 CompilerThread1" daemon [_thread_in_native, id=2492, stack(0x0000000009750000,0x0000000009850000)]
  0x00000000080d2800 JavaThread "C2 CompilerThread0" daemon [_thread_in_native, id=1756, stack(0x0000000009650000,0x0000000009750000)]
  0x00000000080d2000 JavaThread "Attach Listener" daemon [_thread_blocked, id=3944, stack(0x0000000009550000,0x0000000009650000)]
  0x00000000080ce800 JavaThread "Signal Dispatcher" daemon [_thread_blocked, id=4132, stack(0x0000000009450000,0x0000000009550000)]
  0x0000000008098000 JavaThread "Finalizer" daemon [_thread_blocked, id=7148, stack(0x0000000009350000,0x0000000009450000)]
  0x0000000008092800 JavaThread "Reference Handler" daemon [_thread_blocked, id=3792, stack(0x0000000009250000,0x0000000009350000)]
  0x00000000020f0800 JavaThread "main" [_thread_in_Java, id=5972, stack(0x0000000000780000,0x0000000000880000)]

Other Threads:
  0x0000000008090800 VMThread [stack: 0x0000000009150000,0x0000000009250000] [id=2844]
  0x00000000080f3800 WatcherThread [stack: 0x0000000009950000,0x0000000009a50000] [id=6932]

VM state:not at safepoint (normal execution)

VM Mutex/Monitor currently owned by a thread: None

Heap
 PSYoungGen      total 53248K, used 42242K [0x00000000eaa80000, 0x00000000ee280000, 0x0000000100000000)
  eden space 49152K, 77% used [0x00000000eaa80000,0x00000000ecfc2818,0x00000000eda80000)
  from space 4096K, 99% used [0x00000000ede80000,0x00000000ee27e2c8,0x00000000ee280000)
  to   space 4096K, 0% used [0x00000000eda80000,0x00000000eda80000,0x00000000ede80000)
 ParOldGen       total 64512K, used 12038K [0x00000000c0000000, 0x00000000c3f00000, 0x00000000eaa80000)
  object space 64512K, 18% used [0x00000000c0000000,0x00000000c0bc1ac0,0x00000000c3f00000)
 PSPermGen       total 21504K, used 5943K [0x00000000bae00000, 0x00000000bc300000, 0x00000000c0000000)
  object space 21504K, 27% used [0x00000000bae00000,0x00000000bb3cdd58,0x00000000bc300000)

Card table byte_map: [0x00000000052b0000,0x00000000054e0000] byte_map_base: 0x0000000004cd9000

Polling page: 0x0000000000740000

Code Cache  [0x00000000021f0000, 0x0000000002460000, 0x00000000051f0000)
 total_blobs=670 nmethods=433 adapters=189 free_code_cache=47416Kb largest_free_block=48519744

Compilation events (10 events):
Event: 6.054 Thread 0x00000000080e2000 nmethod 430 0x000000000239e0d0 code [0x000000000239e200, 0x000000000239e258]
Event: 6.054 