#
# There is insufficient memory for the Java Runtime Environment to continue.
# Native memory allocation (malloc) failed to allocate 2159056 bytes for Chunk::new
# Possible reasons:
#   The system is out of physical RAM or swap space
#   In 32 bit mode, the process size limit was hit
# Possible solutions:
#   Reduce memory load on the system
#   Increase physical memory or swap space
#   Check if swap backing store is full
#   Use 64 bit Java on a 64 bit OS
#   Decrease Java heap size (-Xmx/-Xms)
#   Decrease number of Java threads
#   Decrease Java thread stack sizes (-Xss)
#   Set larger code cache with -XX:ReservedCodeCacheSize=
# This output file may be truncated or incomplete.
#
#  Out of Memory Error (allocation.cpp:323), pid=15340, tid=13836
#
# JRE version: Java(TM) SE Runtime Environment (7.0_45-b18) (build 1.7.0_45-b18)
# Java VM: Java HotSpot(TM) 64-Bit Server VM (24.45-b08 mixed mode windows-amd64 compressed oops)
# Failed to write core dump. Minidumps are not enabled by default on client versions of Windows
#

---------------  T H R E A D  ---------------

Current thread (0x000000000839e000):  JavaThread "C2 CompilerThread1" daemon [_thread_in_native, id=13836, stack(0x0000000009a20000,0x0000000009b20000)]

Stack: [0x0000000009a20000,0x0000000009b20000]

Current CompileTask:
C2:   3338  191             com.android.dx.ssa.SCCP::run (298 bytes)


---------------  P R O C E S S  ---------------

Java Threads: ( => current thread )
  0x0000000009e5b000 JavaThread "pool-1-thread-4" [_thread_in_Java, id=18460, stack(0x000000000a520000,0x000000000a620000)]
  0x0000000009daf000 JavaThread "pool-1-thread-3" [_thread_in_Java, id=5156, stack(0x000000000a420000,0x000000000a520000)]
  0x0000000009dae000 JavaThread "pool-1-thread-2" [_thread_in_Java, id=10044, stack(0x000000000a320000,0x000000000a420000)]
  0x0000000009e62800 JavaThread "pool-2-thread-1" [_thread_blocked, id=8116, stack(0x000000000a220000,0x000000000a320000)]
  0x0000000009e37800 JavaThread "pool-1-thread-1" [_thread_in_Java, id=4820, stack(0x000000000a120000,0x000000000a220000)]
  0x00000000083a4000 JavaThread "Service Thread" daemon [_thread_blocked, id=13784, stack(0x0000000009b20000,0x0000000009c20000)]
=>0x000000000839e000 JavaThread "C2 CompilerThread1" daemon [_thread_in_native, id=13836, stack(0x0000000009a20000,0x0000000009b20000)]
  0x0000000008394000 JavaThread "C2 CompilerThread0" daemon [_thread_in_native, id=16788, stack(0x0000000009920000,0x0000000009a20000)]
  0x0000000008393000 JavaThread "Attach Listener" daemon [_thread_blocked, id=3372, stack(0x0000000009820000,0x0000000009920000)]
  0x0000000008390000 JavaThread "Signal Dispatcher" daemon [_thread_blocked, id=15564, stack(0x0000000009720000,0x0000000009820000)]
  0x0000000008358000 JavaThread "Finalizer" daemon [_thread_blocked, id=2580, stack(0x0000000009620000,0x0000000009720000)]
  0x0000000008352800 JavaThread "Reference Handler" daemon [_thread_blocked, id=10916, stack(0x0000000009520000,0x0000000009620000)]
  0x00000000023e0800 JavaThread "main" [_thread_blocked, id=13412, stack(0x00000000022a0000,0x00000000023a0000)]

Other Threads:
  0x0000000008350800 VMThread [stack: 0x0000000009420000,0x0000000009520000] [id=19920]
  0x00000000083b3000 WatcherThread [stack: 0x0000000009c20000,0x0000000009d20000] [id=11828]

VM state:not at safepoint (normal execution)

VM Mutex/Monitor currently owned by a thread: None

Heap
 PSYoungGen      total 28672K, used 9215K [0x00000000eaa80000, 0x00000000ee280000, 0x0000000100000000)
  eden space 24576K, 20% used [0x00000000eaa80000,0x00000000eaf83e98,0x00000000ec280000)
  from space 4096K, 99% used [0x00000000ec280000,0x00000000ec67c038,0x00000000ec680000)
  to   space 4096K, 0% used [0x00000000ede80000,0x00000000ede80000,0x00000000ee280000)
 ParOldGen       total 64512K, used 1712K [0x00000000c0000000, 0x00000000c3f00000, 0x00000000eaa80000)
  object space 64512K, 2% used [0x00000000c0000000,0x00000000c01ac188,0x00000000c3f00000)
 PSPermGen       total 21504K, used 5774K [0x00000000bae00000, 0x00000000bc300000, 0x00000000c0000000)
  object space 21504K, 26% used [0x00000000bae00000,0x00000000bb3a3a28,0x00000000bc300000)

Card table byte_map: [0x00000000055a0000,0x00000000057d0000] byte_map_base: 0x0000000004fc9000

Polling page: 0x0000000000a20000

Code Cache  [0x00000000024e0000, 0x0000000002750000, 0x00000000054e0000)
 total_blobs=453 nmethods=215 adapters=189 free_code_cache=48308Kb largest_free_block=49444096

Compilation events (10 events):
Event: 3.203 Thread 0x0000000008394000 nmethod 212 0x00000000025b3110 code [0x00000000025b3280, 0x00000000025b3648]
Event: 3.203 Thread 0x0000000008394000  213             java.util.ArrayList$SubList::checkForComodification (23 bytes)
Event: 3.203 Thread 0x0000000008394000 nmethod 213 0x000000000258bbd0 code [0x000000000258bd00, 0x000000000258bd78]
Event: 3.203 Thread 0x0000000008394000  214             com.android.dx.cf.code.Frame::getStack (5 bytes)
Event: 3.203 Thread 0x0000000008394000 nmethod 214 0x00000000025b2f10 code [0x00000000025b3040, 0x00000000025b3098]
Event: 3.203 Thread 0x0000000008394000  215             com.android.dx.util.IntList::indexOf (16 bytes)
Event: 3.207 Thread 0x0000000008394000 nmethod 215 0x00000000025b2a50 code [0x00000000025b2ba0, 0x00000000025b2d58]
Event: 3.207 Thread 0x0000000008394000  216             com.android.dx.dex.code.ZeroSizeInsn::<init> (12 bytes)
Event: 3.208 Thread 0x0000000008394000 nmethod 216 0x00000000025b27d0 code [0x00000000025b2920, 0x00000000025b29b8]
Event: 3.208 Thread 0x0000000008394000  217             com.android.dx.ssa.SCCP::simulateBlock (54 bytes)

GC Heap History (2 events):
Event: 2.533 GC heap before
{Heap before GC invocations=1 (full 0):
 PSYoungGen      total 28672K, used 24576K [0x00000000eaa80000, 0x00000000eca80000, 0x0000000100000000)
  eden space 24576K, 100% used [0x00000000eaa80000,0x00000000ec280000,0x00000000ec280000)
  from space 4096K, 0% used [0x00000000ec680000,0x00000000ec680000,0x00000000eca80000)
  to   space 4096K, 0% used [0x00000000ec280000,0x00000000ec280000,0x00000000ec680000)
 ParOldGen       total 64512K, used 0K [0x00000000c0000000, 0x00000000c3f00000, 0x00000000eaa80000)
  object space 64512K, 0% used [0x00000000c0000000,0x00000000c0000000,0x00000000c3f00000)
 PSPermGen       total 21504K, used 5736K [0x00000000bae00000, 0x00000000bc300000, 0x00000000c0000000)
  object space 21504K, 26% used [0x00000000bae00000,0x00000000bb39a318,0x00000000bc300000)
Event: 2.856 GC heap after
Heap after GC invocations=1 (full 0):
 PSYoungGen      total 28672K, used 4080K [0x00000000eaa80000, 0x00000000ee280000, 0x0000000100000000)
  eden space 24576K, 0% used [0x00000000eaa80000,0x00000000eaa80000,0x00000000ec280000)
  from space 4096K, 99% used [0x00000000ec280000,0x00000000ec67c038,0x00000000ec680000)
  to   space 4096K, 0% used [0x00000000ede80000,0x00000000ede80000,0x00000000ee280000)
 ParOldGen       total 64512K, used 1712K [0x00000000c0000000, 0x00000000c3f00000, 0x00000000eaa80000)
  object space 64512K, 2% used [0x00000000c0000000,0x00000000c01ac188,0x00000000c3f00000)
 PSPermGen       total 21504K, used 5736K [0x00000000bae00000, 0x00000000bc300000, 0x00000000c0000000)
  object space 21504K, 26% used [0x00000000bae00000,0x00000000bb39a318,0x00000000bc300000)
}

Deoptimization events (10 events):
Event: 1.638 Thread 0x0000000009daf000 Uncommon trap: reason=class_check action=maybe_recompile pc=0x00000000025552c0 method=com.android.dx.ssa.NormalSsaInsn.accept(Lcom/android/dx/ssa/SsaInsn$Visitor;)V @ 9
Event: 1.638 Thread 0x0000000009daf000 Uncommon trap: reason=class_check action=maybe_recompile pc=0x00000000025552c0 method=com.android.dx.ssa.NormalSsaInsn.accept(Lcom/android/dx/ssa/SsaInsn$Visitor;)V @ 9
Event: 1.639 Thread 0x0000000009daf000 Uncommon trap: reason=class_check action=maybe_recompile pc=0x00000000025552c0 method=com.android.dx.ssa.NormalSsaInsn.accept(Lcom/android/dx/ssa/SsaInsn$Visitor;)V @ 9
Event: 1.648 Thread 0x0000000009daf000 Uncommon trap: reason=null_check action=make_not_entrant pc=0x0000000002559694 method=com.android.dx.rop.code.LocalItem.equals(Ljava/lang/Object;)Z @ 1
Event: 1.911 Thread 0x0000000009daf000 Uncommon trap: reason=class_check action=maybe_recompile pc=0x000000000256a608 method=com.android.dx.rop.type.Type.equals(Ljava/lang/Object;)Z @ 8
Event: 1.925 Thread 0x0000000009daf000 Uncommon trap: reason=class_check action=maybe_recompile pc=0x000000000256a608 method=com.android.dx.rop.type.Type.equals(Ljava/lang/Object;)Z @ 8
Event: 1.928 Thread 0x0000000009daf000 Uncommon trap: reason=class_check action=maybe_recompile pc=0x000000000256a608 method=com.android.dx.rop.type.Type.equals(Ljava/lang/Object;)Z @ 8
Event: 1.934 Thread 0x0000000009daf000 Uncommon trap: reason=class_check action=maybe_recompile pc=0x000000000256a608 method=com.android.dx.rop.type.Type.equals(Ljava/lang/Object;)Z @ 8
Event: 1.969 Thread 0x0000000009e5b000 Uncommon trap: reason=unreached action=reinterpret pc=0x000000000256fe44 method=com.android.dx.rop.cst.Constant.compareTo(Lcom/android/dx/rop/cst/Constant;)I @ 12
Event: 2.870 Thread 0x0000000009e37800 Uncommon trap: reason=null_check action=make_not_entrant pc=0x0000000002567bd4 method=com.android.dx.rop.type.Type.equals(Ljava/lang/Object;)Z @ 8

Internal exceptions (10 events):
Event: 1.413 Thread 0x0000000009dae000 Threw 0x00000000eb31a108 at C:\re\jdk7u45\229\hotspot\src\share\vm\prims\jvm.cpp:1244
Event: 1.413 Thread 0x00000000023e0800 Threw 0x00000000eb36aac8 at C:\re\jdk7u45\229\hotspot\src\share\vm\prims\jvm.cpp:1244
Event: 1.415 Thread 0x0000000009daf000 Threw 0x00000000eb113a68 at C:\re\jdk7u45\229\hotspot\src\share\vm\prims\jvm.cpp:1244
Event: 1.428 Thread 0x0000000009daf000 Threw 0x00000000eb137270 at C:\re\jdk7u45\229\hotspot\src\share\vm\prims\jvm.cpp:1244
Event: 1.444 Thread 0x0000000009dae000 Threw 0x00000000eb52b068 at C:\re\jdk7u45\229\hotspot\src\share\vm\prims\jvm.cpp:1244
Event: 1.648 Thread 0x0000000009daf000 Implicit null exception at 0x000000000255929b to 0x0000000002559681
Event: 1.696 Thread 0x0000000009e5b000 Threw 0x00000000eb759628 at C:\re\jdk7u45\229\hotspot\src\share\vm\prims\jvm.cpp:1244
Event: 1.697 Thread 0x0000000009e5b000 Threw 0x00000000eb75ee90 at C:\re\jdk7u45\229\hotspot\src\share\vm\prims\jvm.cpp:1244
Event: 1.697 Thread 0x0000000009e5b000 Threw 0x00000000eb764470 at C:\re\jdk7u45\229\hotspot\src\share\vm\prims\jvm.cpp:1244
Event: 2.870 Thread 0x0000000009e37800 Implicit null exception at 0x0000000002567ad2 to 0x0000000002567bc5

Events (10 events):
Event: 2.235 loading class 0x00000000083b0130 done
Event: 2.235 loading class 0x00000000083b0100
Event: 2.236 loading class 0x00000000083b0100 done
Event: 2.236 Executing VM operation: Deoptimize
Event: 2.236 Executing VM operation: Deoptimize done
Event: 2.522 Executing VM operation: ParallelGCFailedAllocation
Event: 2.856 Executing VM operation: ParallelGCFailedAllocation done
Event: 2.870 Thread 0x0000000009e37800 Uncommon trap: trap_request=0xfffffff4 fr.pc=0x0000000002567bd4
Event: 2.870 Thread 0x0000000009e37800 DEOPT PACKING pc=0x0000000002567bd4 sp=0x000000000a21e700
Event: 2.870 Thread 0x0000000009e37800 DEOPT UNPACKING pc=0x00000000025175a4 sp=0x000000000a21e698 mode 2


Dynamic libraries:
0x00007ff7ceb90000 - 0x00007ff7cebc3000 	C:\Program Files\Java\jdk1.7.0_45\bin\java.exe
0x00007ffc3ebc0000 - 0x00007ffc3ed81000 	C:\Windows\SYSTEM32\ntdll.dll
0x00007ffc3cbe0000 - 0x00007ffc3cc8d000 	C:\Windows\system32\KERNEL32.DLL
0x00007ffc3bf90000 - 0x00007ffc3c16d000 	C:\Windows\system32\KERNELBASE.dll
0x00007ffc3e630000 - 0x00007ffc3e6d6000 	C:\Windows\system32\ADVAPI32.dll
0x00007ffc3cb40000 - 0x00007ffc3cbdd000 	C:\Windows\system32\msvcrt.dll
0x00007ffc3e420000 - 0x00007ffc3e47b000 	C:\Windows\system32\sechost.dll
0x00007ffc3c440000 - 0x00007ffc3c566000 	C:\Windows\system32\RPCRT4.dll
0x00007ffc3e480000 - 0x00007ffc3e5ce000 	C:\Windows\system32\USER32.dll
0x00007ffc3ea30000 - 0x00007ffc3ebb6000 	C:\Windows\system32\GDI32.dll
0x00007ffc2f6d0000 - 0x00007ffc2f944000 	C:\Windows\WinSxS\amd64_microsoft.windows.common-controls_6595b64144ccf1df_6.0.10240.16384_none_f41f7b285750ef43\COMCTL32.dll
0x00007ffc3c3e0000 - 0x00007ffc3c416000 	C:\Windows\system32\IMM32.DLL
0x00007ffc3c7a0000 - 0x00007ffc3c8fc000 	C:\Windows\system32\MSCTF.dll
0x000000005f450000 - 0x000000005f522000 	C:\Program Files\Java\jdk1.7.0_45\jre\bin\msvcr100.dll
0x000000005f8e0000 - 0x00000000600a9000 	C:\Program Files\Java\jdk1.7.0_45\jre\bin\server\jvm.dll
0x00007ffc3ea20000 - 0x00007ffc3ea28000 	C:\Windows\system32\PSAPI.DLL
0x00007ffc372c0000 - 0x00007ffc372c9000 	C:\Windows\SYSTEM32\WSOCK32.dll
0x00007ffc3c570000 - 0x00007ffc3c5d9000 	C:\Windows\system32\WS2_32.dll
0x00007ffc3ccf0000 - 0x00007ffc3ccf8000 	C:\Windows\system32\NSI.dll
0x00007ffc39b70000 - 0x00007ffc39b93000 	C:\Windows\SYSTEM32\WINMM.dll
0x00007ffc39b10000 - 0x00007ffc39b3c000 	C:\Windows\SYSTEM32\WINMMBASE.dll
0x00007ffc3bd70000 - 0x00007ffc3bdb4000 	C:\Windows\system32\cfgmgr32.dll
0x00007ffc39f60000 - 0x00007ffc39f87000 	C:\Windows\SYSTEM32\DEVOBJ.dll
0x000000005f8d0000 - 0x000000005f8df000 	C:\Program Files\Java\jdk1.7.0_45\jre\bin\verify.dll
0x000000005f8a0000 - 0x000000005f8c8000 	C:\Program Files\Java\jdk1.7.0_45\jre\bin\java.dll
0x000000005f880000 - 0x000000005f895000 	C:\Program Files\Java\jdk1.7.0_45\jre\bin\zip.dll
0x000000005f860000 - 0x000000005f879000 	C:\Program Files\Java\jdk1.7.0_45\jre\bin\net.dll
0x00007ffc3ae60000 - 0x00007ffc3aebd000 	C:\Windows\system32\mswsock.dll
0x000000005f840000 - 0x000000005f851000 	C:\Program Files\Java\jdk1.7.0_45\jre\bin\nio.dll

VM Arguments:
jvm_args: -Djava.awt.headless=true -Xmx1024M -Dfile.encoding=windows-1252 -Duser.country=US -Duser.language=en -Duser.variant 
java_command: com.android.dx.command.Main --dex --num-threads=4 --output E:\FinalProject\app\build\intermediates\pre-dexed\debug\com.android.support-support-vector-drawable-23.2.1_3ab7b952bb0206a6ab7e337e4f1ce06e0aead125.jar E:\FinalProject\app\build\intermediates\exploded-aar\com.android.support\support-vector-drawable\23.2.1\jars\classes.jar
Launcher Type: SUN_STANDARD

Environment Variables:
PATH=C:\DevSuiteHome_2\jdk\jre\bin\classic;C:\DevSuiteHome_2\jdk\jre\bin;C:\DevSuiteHome_2\jdk\jre\bin\client;C:\DevSuiteHome_2\jlib;C:\DevSuiteHome_2\bin;C:\DevSuiteHome_2\jre\1.4.2\bin\client;C:\DevSuiteHome_2\jre\1.4.2\bin;C:\DevSuiteHome1\jlib;C:\DevSuiteHome1\bin;C:\DevSuiteHome1\jre\1.4.2\bin\client;C:\DevSuiteHome1\jre\1.4.2\bin;E:\DevSuiteHome_1\jdk\jre\bin\classic;E:\DevSuiteHome_1\jdk\jre\bin;E:\DevSuiteHome_1\jdk\jre\bin\client;E:\DevSuiteHome_1\jlib;E:\DevSuiteHome_1\bin;E:\DevSuiteHome_1\jre\1.4.2\bin\client;E:\DevSuiteHome_1\jre\1.4.2\bin;C:\oraclexe\app\oracle\product\10.2.0\server\bin;C:\Windows\system32;C:\Windows;C:\Windows\System32\Wbem;C:\Windows\System32\WindowsPowerShell\v1.0\;C:\Program Files (x86)\ATI Technologies\ATI.ACE\Core-Static;C:\Program Files (x86)\Windows Kits\8.1\Windows Performance Toolkit\;C:\Program Files\Microsoft SQL Server\110\Tools\Binn\
USERNAME=Nabil
OS=Windows_NT
PROCESSOR_IDENTIFIER=Intel64 Family 6 Model 69 Stepping 1, GenuineIntel



---------------  S Y S T E M  ---------------

OS: Windows 8 , 64 bit Build 9200 

CPU:total 4 (2 cores per cpu, 2 threads per core) family 6 model 69 stepping 1, cmov, cx8, fxsr, mmx, sse, sse2, sse3, ssse3, sse4.1, sse4.2, popcnt, avx, avx2, aes, erms, ht, tsc, tscinvbit

Memory: 4k page, physical 6209900k(907576k free), swap 8282476k(5524k free)

vm_info: Java HotSpot(TM) 64-Bit Server VM (24.45-b08) for windows-amd64 JRE (1.7.0_45-b18), built on Oct  8 2013 05:47:22 by "java_re" with unknown MS VC++:1600

