#
# There is insufficient memory for the Java Runtime Environment to continue.
# Native memory allocation (malloc) failed to allocate 309920 bytes for Chunk::new
# Possible reasons:
#   The system is out of physical RAM or swap space
#   In 32 bit mode, the process size limit was hit
# Possible solutions:
#   Reduce memory load on the system
#   Increase physical memory or swap space
#   Check if swap backing store is full
#   Use 64 bit Java on a 64 bit OS
#   Decrease Java heap size (-Xmx/-Xms)
#   Decrease number of Java threads
#   Decrease Java thread stack sizes (-Xss)
#   Set larger code cache with -XX:ReservedCodeCacheSize=
# This output file may be truncated or incomplete.
#
#  Out of Memory Error (allocation.cpp:323), pid=4436, tid=3976
#
# JRE version: Java(TM) SE Runtime Environment (7.0_45-b18) (build 1.7.0_45-b18)
# Java VM: Java HotSpot(TM) 64-Bit Server VM (24.45-b08 mixed mode windows-amd64 compressed oops)
# Failed to write core dump. Minidumps are not enabled by default on client versions of Windows
#

---------------  T H R E A D  ---------------

Current thread (0x0000000008275000):  JavaThread "C2 CompilerThread1" daemon [_thread_in_native, id=3976, stack(0x0000000009910000,0x0000000009a10000)]

Stack: [0x0000000009910000,0x0000000009a10000]

Current CompileTask:
C2:   3634  151             com.android.dx.ssa.SsaConverter::placePhiFunctions (394 bytes)


---------------  P R O C E S S  ---------------

Java Threads: ( => current thread )
  0x0000000009d5a000 JavaThread "pool-1-thread-4" [_thread_blocked, id=4336, stack(0x000000000a410000,0x000000000a510000)]
  0x0000000009d50800 JavaThread "pool-1-thread-3" [_thread_blocked, id=6872, stack(0x000000000a310000,0x000000000a410000)]
  0x0000000009d4f800 JavaThread "pool-1-thread-2" [_thread_in_Java, id=768, stack(0x000000000a210000,0x000000000a310000)]
  0x0000000009cac000 JavaThread "pool-2-thread-1" [_thread_blocked, id=4088, stack(0x000000000a110000,0x000000000a210000)]
  0x0000000009ca2000 JavaThread "pool-1-thread-1" [_thread_in_Java, id=7084, stack(0x000000000a010000,0x000000000a110000)]
  0x0000000008289000 JavaThread "Service Thread" daemon [_thread_blocked, id=4360, stack(0x0000000009a10000,0x0000000009b10000)]
=>0x0000000008275000 JavaThread "C2 CompilerThread1" daemon [_thread_in_native, id=3976, stack(0x0000000009910000,0x0000000009a10000)]
  0x0000000008273000 JavaThread "C2 CompilerThread0" daemon [_thread_in_native, id=6984, stack(0x0000000009810000,0x0000000009910000)]
  0x0000000008272000 JavaThread "Attach Listener" daemon [_thread_blocked, id=6516, stack(0x0000000009710000,0x0000000009810000)]
  0x000000000826f000 JavaThread "Signal Dispatcher" daemon [_thread_blocked, id=920, stack(0x0000000009610000,0x0000000009710000)]
  0x0000000008238000 JavaThread "Finalizer" daemon [_thread_blocked, id=4728, stack(0x0000000009510000,0x0000000009610000)]
  0x0000000008232800 JavaThread "Reference Handler" daemon [_thread_blocked, id=6828, stack(0x0000000009410000,0x0000000009510000)]
  0x0000000002280800 JavaThread "main" [_thread_in_Java, id=7008, stack(0x0000000002070000,0x0000000002170000)]

Other Threads:
  0x0000000008230800 VMThread [stack: 0x0000000009310000,0x0000000009410000] [id=2828]
  0x0000000008293800 WatcherThread [stack: 0x0000000009b10000,0x0000000009c10000] [id=1564]

VM state:not at safepoint (normal execution)

VM Mutex/Monitor currently owned by a thread: None

Heap
 PSYoungGen      total 28672K, used 8148K [0x00000000eaa80000, 0x00000000ee280000, 0x0000000100000000)
  eden space 24576K, 16% used [0x00000000eaa80000,0x00000000eae7c430,0x00000000ec280000)
  from space 4096K, 99% used [0x00000000ec280000,0x00000000ec678ea8,0x00000000ec680000)
  to   space 4096K, 0% used [0x00000000ede80000,0x00000000ede80000,0x00000000ee280000)
 ParOldGen       total 64512K, used 565K [0x00000000c0000000, 0x00000000c3f00000, 0x00000000eaa80000)
  object space 64512K, 0% used [0x00000000c0000000,0x00000000c008d410,0x00000000c3f00000)
 PSPermGen       total 21504K, used 5655K [0x00000000bae00000, 0x00000000bc300000, 0x00000000c0000000)
  object space 21504K, 26% used [0x00000000bae00000,0x00000000bb385df0,0x00000000bc300000)

Card table byte_map: [0x0000000005450000,0x0000000005680000] byte_map_base: 0x0000000004e79000

Polling page: 0x0000000000920000

Code Cache  [0x0000000002390000, 0x0000000002600000, 0x0000000005390000)
 total_blobs=402 nmethods=165 adapters=189 free_code_cache=48503Kb largest_free_block=49645184

Compilation events (10 events):
Event: 3.600 Thread 0x0000000008273000 nmethod 162 0x000000000242e190 code [0x000000000242e2e0, 0x000000000242e478]
Event: 3.600 Thread 0x0000000008273000  163             com.android.dx.rop.code.RegisterSpec::makeLocalOptional (7 bytes)
Event: 3.600 Thread 0x0000000008273000 nmethod 163 0x000000000242df50 code [0x000000000242e0a0, 0x000000000242e108]
Event: 3.600 Thread 0x0000000008273000  164             com.android.dx.cf.code.Ropper::getAvailableLabel (54 bytes)
Event: 3.609 Thread 0x0000000008273000 nmethod 164 0x000000000242d690 code [0x000000000242d800, 0x000000000242dbd8]
Event: 3.609 Thread 0x0000000008273000  165             com.android.dx.util.Bits::set (19 bytes)
Event: 3.609 Thread 0x0000000008273000 nmethod 165 0x000000000242d410 code [0x000000000242d540, 0x000000000242d5d8]
Event: 3.609 Thread 0x0000000008273000  166             com.android.dx.rop.code.BasicBlockList$RegCountVisitor::visit (52 bytes)
Event: 3.615 Thread 0x0000000008273000 nmethod 166 0x0000000002430290 code [0x0000000002430400, 0x0000000002430698]
Event: 3.615 Thread 0x0000000008273000  167             com.android.dx.ssa.LocalVariableExtractor::processBlock (383 bytes)

GC Heap History (2 events):
Event: 3.374 GC heap before
{Heap before GC invocations=1 (full 0):
 PSYoungGen      total 28672K, used 24576K [0x00000000eaa80000, 0x00000000eca80000, 0x0000000100000000)
  eden space 24576K, 100% used [0x00000000eaa80000,0x00000000ec280000,0x00000000ec280000)
  from space 4096K, 0% used [0x00000000ec680000,0x00000000ec680000,0x00000000eca80000)
  to   space 4096K, 0% used [0x00000000ec280000,0x00000000ec280000,0x00000000ec680000)
 ParOldGen       total 64512K, used 0K [0x00000000c0000000, 0x00000000c3f00000, 0x00000000eaa80000)
  object space 64512K, 0% used [0x00000000c0000000,0x00000000c0000000,0x00000000c3f00000)
 PSPermGen       total 21504K, used 5626K [0x00000000bae00000, 0x00000000bc300000, 0x00000000c0000000)
  object space 21504K, 26% used [0x00000000bae00000,0x00000000bb37e810,0x00000000bc300000)
Event: 3.471 GC heap after
Heap after GC invocations=1 (full 0):
 PSYoungGen      total 28672K, used 4067K [0x00000000eaa80000, 0x00000000ee280000, 0x0000000100000000)
  eden space 24576K, 0% used [0x00000000eaa80000,0x00000000eaa80000,0x00000000ec280000)
  from space 4096K, 99% used [0x00000000ec280000,0x00000000ec678ea8,0x00000000ec680000)
  to   space 4096K, 0% used [0x00000000ede80000,0x00000000ede80000,0x00000000ee280000)
 ParOldGen       total 64512K, used 565K [0x00000000c0000000, 0x00000000c3f00000, 0x00000000eaa80000)
  object space 64512K, 0% used [0x00000000c0000000,0x00000000c008d410,0x00000000c3f00000)
 PSPermGen       total 21504K, used 5626K [0x00000000bae00000, 0x00000000bc300000, 0x00000000c0000000)
  object space 21504K, 26% used [0x00000000bae00000,0x00000000bb37e810,0x00000000bc300000)
}

Deoptimization events (2 events):
Event: 2.998 Thread 0x0000000009d5a000 Uncommon trap: reason=null_check action=make_not_entrant pc=0x0000000002416b60 method=com.android.dx.rop.code.LocalItem.equals(Ljava/lang/Object;)Z @ 1
Event: 3.090 Thread 0x0000000009d50800 Uncommon trap: reason=unreached action=reinterpret pc=0x0000000002416104 method=com.android.dx.rop.cst.Constant.compareTo(Lcom/android/dx/rop/cst/Constant;)I @ 12

Internal exceptions (10 events):
Event: 2.674 Thread 0x0000000009d4f800 Threw 0x00000000eb635c68 at C:\re\jdk7u45\229\hotspot\src\share\vm\prims\jvm.cpp:1244
Event: 2.675 Thread 0x0000000009d50800 Threw 0x00000000eb801bd8 at C:\re\jdk7u45\229\hotspot\src\share\vm\prims\jvm.cpp:1244
Event: 2.676 Thread 0x0000000009d50800 Threw 0x00000000eb8062b8 at C:\re\jdk7u45\229\hotspot\src\share\vm\prims\jvm.cpp:1244
Event: 2.678 Thread 0x0000000002280800 Threw 0x00000000eb8ee778 at C:\re\jdk7u45\229\hotspot\src\share\vm\prims\jvm.cpp:1244
Event: 2.683 Thread 0x0000000009d50800 Threw 0x00000000eb820d80 at C:\re\jdk7u45\229\hotspot\src\share\vm\prims\jvm.cpp:1244
Event: 2.692 Thread 0x0000000009d50800 Threw 0x00000000eb83ec58 at C:\re\jdk7u45\229\hotspot\src\share\vm\prims\jvm.cpp:1244
Event: 2.701 Thread 0x0000000009d4f800 Threw 0x00000000eb6774d0 at C:\re\jdk7u45\229\hotspot\src\share\vm\prims\jvm.cpp:1244
Event: 2.874 Thread 0x0000000009d50800 Threw 0x00000000ebbeba18 at C:\re\jdk7u45\229\hotspot\src\share\vm\prims\jvm.cpp:1244
Event: 2.877 Thread 0x0000000002280800 Threw 0x00000000ebba35d8 at C:\re\jdk7u45\229\hotspot\src\share\vm\prims\jvm.cpp:1244
Event: 2.998 Thread 0x0000000009d5a000 Implicit null exception at 0x0000000002416753 to 0x0000000002416b4d

Events (10 events):
Event: 3.079 loading class 0x00000000022f8f00 done
Event: 3.090 Thread 0x0000000009d50800 Uncommon trap: trap_request=0xffffffad fr.pc=0x0000000002416104
Event: 3.090 Thread 0x0000000009d50800 DEOPT PACKING pc=0x0000000002416104 sp=0x000000000a40eaf0
Event: 3.090 Thread 0x0000000009d50800 DEOPT UNPACKING pc=0x00000000023c75a4 sp=0x000000000a40ea90 mode 2
Event: 3.250 loading class 0x0000000008290bd0
Event: 3.250 loading class 0x0000000008290bd0 done
Event: 3.250 loading class 0x0000000008290ba0
Event: 3.251 loading class 0x0000000008290ba0 done
Event: 3.262 Executing VM operation: ParallelGCFailedAllocation
Event: 3.471 Executing VM operation: ParallelGCFailedAllocation done


Dynamic libraries:
0x00007ff7a11e0000 - 0x00007ff7a1213000 	C:\Program Files\Java\jdk1.7.0_45\bin\java.exe
0x00007ffe596d0000 - 0x00007ffe59891000 	C:\Windows\SYSTEM32\ntdll.dll
0x00007ffe572e0000 - 0x00007ffe5738d000 	C:\Windows\system32\KERNEL32.DLL
0x00007ffe56bc0000 - 0x00007ffe56d9d000 	C:\Windows\system32\KERNELBASE.dll
0x00007ffe57110000 - 0x00007ffe571b6000 	C:\Windows\system32\ADVAPI32.dll
0x00007ffe59470000 - 0x00007ffe5950d000 	C:\Windows\system32\msvcrt.dll
0x00007ffe570b0000 - 0x00007ffe5710b000 	C:\Windows\system32\sechost.dll
0x00007ffe56f80000 - 0x00007ffe570a6000 	C:\Windows\system32\RPCRT4.dll
0x00007ffe59320000 - 0x00007ffe5946e000 	C:\Windows\system32\USER32.dll
0x00007ffe59190000 - 0x00007ffe59316000 	C:\Windows\system32\GDI32.dll
0x00007ffe48600000 - 0x00007ffe48874000 	C:\Windows\WinSxS\amd64_microsoft.windows.common-controls_6595b64144ccf1df_6.0.10240.16384_none_f41f7b285750ef43\COMCTL32.dll
0x00007ffe57940000 - 0x00007ffe57976000 	C:\Windows\system32\IMM32.DLL
0x00007ffe57770000 - 0x00007ffe578cc000 	C:\Windows\system32\MSCTF.dll
0x0000000057ac0000 - 0x0000000057b92000 	C:\Program Files\Java\jdk1.7.0_45\jre\bin\msvcr100.dll
0x0000000057f50000 - 0x0000000058719000 	C:\Program Files\Java\jdk1.7.0_45\jre\bin\server\jvm.dll
0x00007ffe57930000 - 0x00007ffe57938000 	C:\Windows\system32\PSAPI.DLL
0x00007ffe438d0000 - 0x00007ffe438d9000 	C:\Windows\SYSTEM32\WSOCK32.dll
0x00007ffe57390000 - 0x00007ffe573f9000 	C:\Windows\system32\WS2_32.dll
0x00007ffe596c0000 - 0x00007ffe596c8000 	C:\Windows\system32\NSI.dll
0x00007ffe53fb0000 - 0x00007ffe53fd3000 	C:\Windows\SYSTEM32\WINMM.dll
0x00007ffe53f50000 - 0x00007ffe53f7c000 	C:\Windows\SYSTEM32\WINMMBASE.dll
0x00007ffe56480000 - 0x00007ffe564c4000 	C:\Windows\system32\cfgmgr32.dll
0x00007ffe54a70000 - 0x00007ffe54a97000 	C:\Windows\SYSTEM32\DEVOBJ.dll
0x0000000057f40000 - 0x0000000057f4f000 	C:\Program Files\Java\jdk1.7.0_45\jre\bin\verify.dll
0x0000000057f10000 - 0x0000000057f38000 	C:\Program Files\Java\jdk1.7.0_45\jre\bin\java.dll
0x0000000057ef0000 - 0x0000000057f05000 	C:\Program Files\Java\jdk1.7.0_45\jre\bin\zip.dll
0x0000000057ed0000 - 0x0000000057ee9000 	C:\Program Files\Java\jdk1.7.0_45\jre\bin\net.dll
0x00007ffe55970000 - 0x00007ffe559cd000 	C:\Windows\system32\mswsock.dll
0x0000000057eb0000 - 0x0000000057ec1000 	C:\Program Files\Java\jdk1.7.0_45\jre\bin\nio.dll

VM Arguments:
jvm_args: -Djava.awt.headless=true -Xmx1024M -Dfile.encoding=windows-1252 -Duser.country=US -Duser.language=en -Duser.variant 
java_command: com.android.dx.command.Main --dex --num-threads=4 --output D:\FinalProject\app\build\intermediates\pre-dexed\debug\internal_impl-23.2.1_11ba8ca70db4d460341a214505dbb143771feac3.jar D:\FinalProject\app\build\intermediates\exploded-aar\com.android.support\support-v4\23.2.1\jars\libs\internal_impl-23.2.1.jar
Launcher Type: SUN_STANDARD

Environment Variables:
PATH=C:\DevSuiteHome_2\jdk\jre\bin\classic;C:\DevSuiteHome_2\jdk\jre\bin;C:\DevSuiteHome_2\jdk\jre\bin\client;C:\DevSuiteHome_2\jlib;C:\DevSuiteHome_2\bin;C:\DevSuiteHome_2\jre\1.4.2\bin\client;C:\DevSuiteHome_2\jre\1.4.2\bin;C:\DevSuiteHome1\jlib;C:\DevSuiteHome1\bin;C:\DevSuiteHome1\jre\1.4.2\bin\client;C:\DevSuiteHome1\jre\1.4.2\bin;E:\DevSuiteHome_1\jdk\jre\bin\classic;E:\DevSuiteHome_1\jdk\jre\bin;E:\DevSuiteHome_1\jdk\jre\bin\client;E:\DevSuiteHome_1\jlib;E:\DevSuiteHome_1\bin;E:\DevSuiteHome_1\jre\1.4.2\bin\client;E:\DevSuiteHome_1\jre\1.4.2\bin;C:\oraclexe\app\oracle\product\10.2.0\server\bin;C:\Windows\system32;C:\Windows;C:\Windows\System32\Wbem;C:\Windows\System32\WindowsPowerShell\v1.0\;C:\Program Files (x86)\ATI Technologies\ATI.ACE\Core-Static;C:\Program Files (x86)\Windows Kits\8.1\Windows Performance Toolkit\;C:\Program Files\Microsoft SQL Server\110\Tools\Binn\
USERNAME=Nabil
OS=Windows_NT
PROCESSOR_IDENTIFIER=Intel64 Family 6 Model 69 Stepping 1, GenuineIntel



---------------  S Y S T E M  ---------------

OS: Windows 8 , 64 bit Build 9200 

CPU:total 4 (2 cores per cpu, 2 threads per core) family 6 model 69 stepping 1, cmov, cx8, fxsr, mmx, sse, sse2, sse3, ssse3, sse4.1, sse4.2, popcnt, avx, avx2, aes, erms, ht, tsc, tscinvbit

Memory: 4k page, physical 6209900k(1211880k free), swap 8282476k(5444k free)

vm_info: Java HotSpot(TM) 64-Bit Server VM (24.45-b08) for windows-amd64 JRE (1.7.0_45-b18), built on Oct  8 2013 05:47:22 by "java_re" with unknown MS VC++:1600

time: Sat Mar 26 15:11:09 2016
elapsed time: 3 seconds

